2022-04-03 19:11:55,219 [main] INFO Nopcommercekay - *********Launching browser
2022-04-03 19:12:03,901 [main] INFO Nopcommercekay - ********Application Url open
2022-04-03 19:12:08,716 [main] INFO Nopcommercekay - ******User enter login details
2022-04-03 19:12:19,600 [main] INFO Nopcommercekay - User click on login details
2022-04-03 19:13:02,833 [main] INFO Nopcommercekay - User log out of application
2022-04-03 19:13:08,434 [main] INFO Nopcommercekay - *********Launching browser
2022-04-03 19:13:14,963 [main] INFO Nopcommercekay - ********Application Url open
2022-04-03 19:13:19,408 [main] INFO Nopcommercekay - ******User enter login details
2022-04-03 19:13:28,614 [main] INFO Nopcommercekay - User click on login details
2022-04-03 19:13:55,559 [main] INFO Nopcommercekay - User log out of application
2022-04-03 19:14:01,192 [main] INFO Nopcommercekay - *********Launching browser
2022-04-03 19:14:07,736 [main] INFO Nopcommercekay - ********Application Url open
2022-04-03 19:14:11,891 [main] INFO Nopcommercekay - ******User enter login details
2022-04-03 19:14:20,752 [main] INFO Nopcommercekay - User click on login details
2022-04-03 19:14:49,066 [main] INFO Nopcommercekay - User log out of application
2022-04-03 19:21:26,774 [main] INFO Nopcommercekay - *********Launching browser
2022-04-03 19:21:37,035 [main] INFO Nopcommercekay - ********Application Url open
2022-04-03 19:21:41,226 [main] INFO Nopcommercekay - ******User enter login details
2022-04-03 19:21:53,681 [main] INFO Nopcommercekay - User click on login details
2022-04-03 19:22:41,279 [main] INFO Nopcommercekay - User log out of application
2022-04-03 19:23:00,885 [main] INFO Nopcommercekay - *********Launching browser
2022-04-03 19:23:07,583 [main] INFO Nopcommercekay - ********Application Url open
2022-04-03 19:23:11,329 [main] INFO Nopcommercekay - ******User enter login details
2022-04-03 19:23:19,685 [main] INFO Nopcommercekay - User click on login details
2022-04-03 19:23:46,783 [main] INFO Nopcommercekay - User log out of application
2022-04-03 19:23:51,624 [main] INFO Nopcommercekay - *********Launching browser
2022-04-03 19:23:59,092 [main] INFO Nopcommercekay - ********Application Url open
2022-04-03 19:24:03,215 [main] INFO Nopcommercekay - ******User enter login details
2022-04-03 19:24:12,553 [main] INFO Nopcommercekay - User click on login details
2022-04-03 19:24:44,427 [main] INFO Nopcommercekay - User log out of application
2022-04-03 20:27:12,245 [main] INFO Nopcommercekay - *********Launching browser
2022-04-03 20:27:26,720 [main] INFO Nopcommercekay - ********Application Url open
2022-04-03 20:27:31,441 [main] INFO Nopcommercekay - ******User enter login details
2022-04-03 20:27:47,850 [main] INFO Nopcommercekay - User click on login details
2022-04-03 20:28:37,200 [main] INFO Nopcommercekay - User log out of application
2022-04-03 20:28:42,092 [main] INFO Nopcommercekay - *********Launching browser
2022-04-03 20:28:49,168 [main] INFO Nopcommercekay - ********Application Url open
2022-04-03 20:28:53,380 [main] INFO Nopcommercekay - ******User enter login details
2022-04-03 20:29:03,325 [main] INFO Nopcommercekay - User click on login details
2022-04-03 20:29:35,074 [main] INFO Nopcommercekay - User log out of application
2022-04-03 20:29:39,059 [main] INFO Nopcommercekay - *********Launching browser
2022-04-03 20:29:45,978 [main] INFO Nopcommercekay - ********Application Url open
2022-04-03 20:29:49,617 [main] INFO Nopcommercekay - ******User enter login details
2022-04-03 20:29:59,826 [main] INFO Nopcommercekay - User click on login details
2022-04-03 20:30:29,624 [main] INFO Nopcommercekay - User log out of application
2022-04-03 21:30:06,581 [main] INFO Nopcommercekay - *********Launching browser
2022-04-03 21:30:22,641 [main] INFO Nopcommercekay - ********Application Url open
2022-04-03 21:30:30,353 [main] INFO Nopcommercekay - ******User enter login details
2022-04-03 21:30:51,039 [main] INFO Nopcommercekay - User click on login details
2022-04-03 21:31:57,927 [main] INFO Nopcommercekay - User log out of application
2022-04-03 21:32:19,560 [main] INFO Nopcommercekay - *********Launching browser
2022-04-03 21:32:27,477 [main] INFO Nopcommercekay - ********Application Url open
2022-04-03 21:32:31,121 [main] INFO Nopcommercekay - ******User enter login details
2022-04-03 21:32:40,978 [main] INFO Nopcommercekay - User click on login details
2022-04-03 21:33:11,472 [main] INFO Nopcommercekay - User log out of application
2022-04-03 21:33:16,576 [main] INFO Nopcommercekay - *********Launching browser
2022-04-03 21:33:23,604 [main] INFO Nopcommercekay - ********Application Url open
2022-04-03 21:33:28,007 [main] INFO Nopcommercekay - ******User enter login details
2022-04-03 21:33:37,607 [main] INFO Nopcommercekay - User click on login details
2022-04-03 21:34:10,594 [main] INFO Nopcommercekay - User log out of application
2022-04-03 21:36:24,347 [main] INFO Nopcommercekay - *********Launching browser
2022-04-03 21:36:31,258 [main] INFO Nopcommercekay - ********Application Url open
2022-04-03 21:36:35,182 [main] INFO Nopcommercekay - ******User enter login details
2022-04-03 21:36:45,082 [main] INFO Nopcommercekay - User click on login details
2022-04-03 21:37:13,463 [main] INFO Nopcommercekay - User log out of application
2022-04-03 21:39:10,955 [main] INFO Nopcommercekay - *********Launching browser
2022-04-03 21:39:18,417 [main] INFO Nopcommercekay - ********Application Url open
2022-04-03 21:39:22,988 [main] INFO Nopcommercekay - ******User enter login details
2022-04-03 21:39:32,728 [main] INFO Nopcommercekay - User click on login details
2022-04-03 21:40:05,259 [main] INFO Nopcommercekay - User log out of application
2022-04-03 21:40:10,432 [main] INFO Nopcommercekay - *********Launching browser
2022-04-03 21:40:17,386 [main] INFO Nopcommercekay - ********Application Url open
2022-04-03 21:40:21,074 [main] INFO Nopcommercekay - ******User enter login details
2022-04-03 21:40:31,102 [main] INFO Nopcommercekay - User click on login details
2022-04-03 21:40:34,842 [main] INFO Nopcommercekay - ***********Login status confirmed
2022-04-03 21:40:40,843 [main] INFO Nopcommercekay - *******User log out of application
2022-04-03 21:40:43,927 [main] INFO Nopcommercekay - ***********Login status confirmed
2022-04-03 21:40:46,933 [main] INFO Nopcommercekay - User log out of application
2022-04-03 21:42:17,124 [main] INFO Nopcommercekay - *********Launching browser
2022-04-03 21:42:23,580 [main] INFO Nopcommercekay - ********Application Url open
2022-04-03 21:42:27,987 [main] INFO Nopcommercekay - ******User enter login details
2022-04-03 21:42:37,342 [main] INFO Nopcommercekay - User click on login details
2022-04-03 21:43:25,430 [main] INFO Nopcommercekay - User log out of application
2022-04-03 21:43:29,743 [main] INFO Nopcommercekay - *********Launching browser
2022-04-03 21:43:37,578 [main] INFO Nopcommercekay - ********Application Url open
2022-04-03 21:43:41,958 [main] INFO Nopcommercekay - ******User enter login details
2022-04-03 21:43:50,106 [main] INFO Nopcommercekay - User click on login details
2022-04-03 21:44:18,333 [main] INFO Nopcommercekay - User log out of application
2022-04-03 21:44:22,887 [main] INFO Nopcommercekay - *********Launching browser
2022-04-03 21:44:29,986 [main] INFO Nopcommercekay - ********Application Url open
2022-04-03 21:44:33,941 [main] INFO Nopcommercekay - ******User enter login details
2022-04-03 21:44:42,382 [main] INFO Nopcommercekay - User click on login details
2022-04-03 21:44:45,661 [main] INFO Nopcommercekay - ***********Login status confirmed
2022-04-03 21:44:51,263 [main] INFO Nopcommercekay - *******User log out of application
2022-04-03 21:44:54,342 [main] INFO Nopcommercekay - ***********Login status confirmed
2022-04-03 21:44:57,348 [main] INFO Nopcommercekay - User log out of application
2022-04-03 21:45:01,515 [main] INFO Nopcommercekay - *********Launching browser
2022-04-03 21:45:08,333 [main] INFO Nopcommercekay - ********Application Url open
2022-04-03 21:45:12,703 [main] INFO Nopcommercekay - ******User enter login details
2022-04-03 21:45:16,937 [main] INFO Nopcommercekay - User click on login details
2022-04-03 21:47:09,223 [main] INFO Nopcommercekay - *********Launching browser
2022-04-03 21:47:16,187 [main] INFO Nopcommercekay - ********Application Url open
2022-04-03 21:47:20,191 [main] INFO Nopcommercekay - ******User enter login details
2022-04-03 21:47:35,019 [main] INFO Nopcommercekay - User click on login details
2022-04-03 21:47:44,331 [main] INFO Nopcommercekay - *********Launching browser
2022-04-03 21:48:32,159 [main] INFO Nopcommercekay - ********Application Url open
2022-04-03 21:48:36,448 [main] INFO Nopcommercekay - ******User enter login details
2022-04-03 21:49:00,254 [main] INFO Nopcommercekay - User click on login details
2022-04-03 21:49:32,490 [main] INFO Nopcommercekay - User log out of application
2022-04-03 21:49:39,216 [main] INFO Nopcommercekay - *********Launching browser
2022-04-03 21:49:47,698 [main] INFO Nopcommercekay - ********Application Url open
2022-04-03 21:49:51,804 [main] INFO Nopcommercekay - ******User enter login details
2022-04-03 21:50:01,074 [main] INFO Nopcommercekay - User click on login details
2022-04-03 21:50:31,031 [main] INFO Nopcommercekay - User log out of application
2022-04-03 21:50:39,185 [main] INFO Nopcommercekay - *********Launching browser
2022-04-03 21:50:46,267 [main] INFO Nopcommercekay - ********Application Url open
2022-04-03 21:50:50,183 [main] INFO Nopcommercekay - ******User enter login details
2022-04-03 21:51:00,171 [main] INFO Nopcommercekay - User click on login details
2022-04-03 21:51:03,488 [main] INFO Nopcommercekay - ***********Login status confirmed
2022-04-03 21:51:09,602 [main] INFO Nopcommercekay - *******User log out of application
2022-04-03 21:51:12,653 [main] INFO Nopcommercekay - ***********Login status confirmed
2022-04-03 21:51:15,661 [main] INFO Nopcommercekay - User log out of application
2022-04-03 21:51:21,743 [main] INFO Nopcommercekay - *********Launching browser
2022-04-03 21:51:28,144 [main] INFO Nopcommercekay - ********Application Url open
2022-04-03 21:51:32,348 [main] INFO Nopcommercekay - ******User enter login details
2022-04-03 21:51:42,310 [main] INFO Nopcommercekay - User click on login details
2022-04-03 21:51:45,651 [main] INFO Nopcommercekay - ***********Login status confirmed
2022-04-03 21:51:51,473 [main] INFO Nopcommercekay - *******User log out of application
2022-04-03 21:51:54,547 [main] INFO Nopcommercekay - ***********Login status confirmed
2022-04-03 21:51:57,554 [main] INFO Nopcommercekay - User log out of application
2022-04-03 21:52:05,936 [main] INFO Nopcommercekay - *********Launching browser
2022-04-03 21:52:12,820 [main] INFO Nopcommercekay - ********Application Url open
2022-04-03 21:52:18,126 [main] INFO Nopcommercekay - ******User enter login details
2022-04-03 21:52:22,931 [main] INFO Nopcommercekay - User click on login details
2022-04-03 21:59:24,866 [main] INFO Nopcommercekay - *********Launching browser
2022-04-03 21:59:34,665 [main] INFO Nopcommercekay - ********Application Url open
2022-04-03 21:59:38,404 [main] INFO Nopcommercekay - ******User enter login details
2022-04-03 21:59:47,884 [main] INFO Nopcommercekay - User click on login details
2022-04-03 22:00:38,970 [main] INFO Nopcommercekay - *********Launching browser
2022-04-03 22:00:47,958 [main] INFO Nopcommercekay - ********Application Url open
2022-04-03 22:00:51,941 [main] INFO Nopcommercekay - ******User enter login details
2022-04-03 22:01:04,119 [main] INFO Nopcommercekay - User click on login details
2022-04-03 22:01:38,932 [main] INFO Nopcommercekay - User log out of application
2022-04-03 22:05:43,656 [main] INFO Nopcommercekay - *********Launching browser
2022-04-03 22:05:50,788 [main] INFO Nopcommercekay - ********Application Url open
2022-04-03 22:05:56,379 [main] INFO Nopcommercekay - ******User enter login details
2022-04-03 22:06:06,440 [main] INFO Nopcommercekay - User click on login details
2022-04-03 22:06:50,071 [main] INFO Nopcommercekay - User log out of application
2022-04-03 22:08:32,565 [main] INFO Nopcommercekay - *********Launching browser
2022-04-03 22:08:39,421 [main] INFO Nopcommercekay - ********Application Url open
2022-04-03 22:08:43,173 [main] INFO Nopcommercekay - ******User enter login details
2022-04-03 22:08:55,112 [main] INFO Nopcommercekay - User click on login details
2022-04-03 22:09:38,203 [main] INFO Nopcommercekay - User log out of application
2022-04-03 22:09:45,113 [main] INFO Nopcommercekay - *********Launching browser
2022-04-03 22:09:52,819 [main] INFO Nopcommercekay - ********Application Url open
2022-04-03 22:09:57,521 [main] INFO Nopcommercekay - ******User enter login details
2022-04-03 22:10:07,406 [main] INFO Nopcommercekay - User click on login details
2022-04-03 22:10:34,584 [main] INFO Nopcommercekay - User log out of application
2022-04-03 22:10:42,732 [main] INFO Nopcommercekay - *********Launching browser
2022-04-03 22:10:49,424 [main] INFO Nopcommercekay - ********Application Url open
2022-04-03 22:10:54,274 [main] INFO Nopcommercekay - ******User enter login details
2022-04-03 22:11:03,732 [main] INFO Nopcommercekay - User click on login details
2022-04-03 22:11:31,522 [main] INFO Nopcommercekay - User log out of application
2022-04-03 23:15:01,603 [pool-2-thread-1] INFO Nopcommercekay - *********Launching browser
2022-04-03 23:15:09,243 [pool-2-thread-1] INFO Nopcommercekay - ********Application Url open
2022-04-03 23:15:14,201 [pool-2-thread-1] INFO Nopcommercekay - ******User enter login details
2022-04-03 23:15:26,206 [pool-2-thread-1] INFO Nopcommercekay - User click on login details
2022-04-03 23:16:18,977 [pool-2-thread-1] INFO Nopcommercekay - User log out of application
2022-04-03 23:16:36,831 [pool-2-thread-1] INFO Nopcommercekay - *********Launching browser
2022-04-03 23:16:47,626 [pool-2-thread-1] INFO Nopcommercekay - ********Application Url open
2022-04-03 23:16:51,968 [pool-2-thread-1] INFO Nopcommercekay - ******User enter login details
2022-04-03 23:17:01,755 [pool-2-thread-1] INFO Nopcommercekay - User click on login details
2022-04-03 23:17:29,897 [pool-2-thread-1] INFO Nopcommercekay - User log out of application
2022-04-03 23:17:34,128 [pool-2-thread-1] INFO Nopcommercekay - *********Launching browser
2022-04-03 23:17:43,263 [pool-2-thread-1] INFO Nopcommercekay - ********Application Url open
2022-04-03 23:17:46,950 [pool-2-thread-1] INFO Nopcommercekay - ******User enter login details
2022-04-03 23:17:55,088 [pool-2-thread-1] INFO Nopcommercekay - User click on login details
2022-04-03 23:18:24,179 [pool-2-thread-1] INFO Nopcommercekay - User log out of application
2022-04-04 09:46:04,311 [pool-2-thread-1] INFO Nopcommercekay - *********Launching browser
2022-04-04 09:46:14,131 [pool-2-thread-1] INFO Nopcommercekay - ********Application Url open
2022-04-04 09:46:18,721 [pool-2-thread-1] INFO Nopcommercekay - ******User enter login details
2022-04-04 09:46:34,592 [pool-2-thread-1] INFO Nopcommercekay - User click on login details
2022-04-04 09:47:02,029 [pool-2-thread-1] INFO Nopcommercekay - User log out of application
2022-04-04 09:47:05,967 [pool-2-thread-1] INFO Nopcommercekay - *********Launching browser
2022-04-04 09:47:13,110 [pool-2-thread-1] INFO Nopcommercekay - ********Application Url open
2022-04-04 09:47:16,691 [pool-2-thread-1] INFO Nopcommercekay - ******User enter login details
2022-04-04 09:48:18,725 [pool-2-thread-1] INFO Nopcommercekay - User click on login details
2022-04-04 09:48:50,277 [pool-2-thread-1] INFO Nopcommercekay - User log out of application
2022-04-04 09:50:26,222 [pool-2-thread-1] INFO Nopcommercekay - *********Launching browser
2022-04-04 09:50:33,746 [pool-2-thread-1] INFO Nopcommercekay - ********Application Url open
2022-04-04 09:50:38,254 [pool-2-thread-1] INFO Nopcommercekay - ******User enter login details
2022-04-04 09:50:51,091 [pool-2-thread-1] INFO Nopcommercekay - User click on login details
2022-04-04 09:51:36,243 [pool-2-thread-1] INFO Nopcommercekay - User log out of application
2022-04-04 09:51:38,910 [pool-2-thread-1] INFO Nopcommercekay - *********Launching browser
2022-04-04 09:51:46,200 [pool-2-thread-1] INFO Nopcommercekay - ********Application Url open
2022-04-04 09:51:49,797 [pool-2-thread-1] INFO Nopcommercekay - ******User enter login details
2022-04-04 09:51:59,807 [pool-2-thread-1] INFO Nopcommercekay - User click on login details
2022-04-04 09:52:25,796 [pool-2-thread-1] INFO Nopcommercekay - User log out of application
2022-04-04 09:52:29,268 [pool-2-thread-1] INFO Nopcommercekay - *********Launching browser
2022-04-04 09:52:36,875 [pool-2-thread-1] INFO Nopcommercekay - ********Application Url open
2022-04-04 09:52:40,579 [pool-2-thread-1] INFO Nopcommercekay - ******User enter login details
2022-04-04 09:52:53,462 [pool-2-thread-1] INFO Nopcommercekay - User click on login details
2022-04-04 09:53:21,963 [pool-2-thread-1] INFO Nopcommercekay - User log out of application
2022-04-04 10:21:26,085 [pool-2-thread-1] INFO Nopcommercekay - *********Launching browser
2022-04-04 10:21:34,889 [pool-2-thread-1] INFO Nopcommercekay - ********Application Url open
2022-04-04 10:21:39,663 [pool-2-thread-1] INFO Nopcommercekay - ******User enter login details
2022-04-04 10:21:55,268 [pool-2-thread-1] INFO Nopcommercekay - User click on login details
2022-04-04 10:22:43,757 [pool-2-thread-1] INFO Nopcommercekay - User log out of application
2022-04-04 10:22:53,312 [pool-2-thread-1] INFO Nopcommercekay - *********Launching browser
2022-04-04 10:23:05,022 [pool-2-thread-1] INFO Nopcommercekay - ********Application Url open
2022-04-04 10:23:09,458 [pool-2-thread-1] INFO Nopcommercekay - ******User enter login details
2022-04-04 10:23:25,081 [pool-2-thread-1] INFO Nopcommercekay - User click on login details
2022-04-04 10:23:56,536 [pool-2-thread-1] INFO Nopcommercekay - User log out of application
2022-04-04 10:24:01,722 [pool-2-thread-1] INFO Nopcommercekay - *********Launching browser
2022-04-04 10:24:09,211 [pool-2-thread-1] INFO Nopcommercekay - ********Application Url open
2022-04-04 10:24:13,718 [pool-2-thread-1] INFO Nopcommercekay - ******User enter login details
2022-04-04 10:24:25,753 [pool-2-thread-1] INFO Nopcommercekay - User click on login details
2022-04-04 10:24:57,362 [pool-2-thread-1] INFO Nopcommercekay - User log out of application
2022-04-04 10:26:19,027 [pool-2-thread-1] INFO Nopcommercekay - *********Launching browser
2022-04-04 10:26:26,630 [pool-2-thread-1] INFO Nopcommercekay - ********Application Url open
2022-04-04 10:26:31,079 [pool-2-thread-1] INFO Nopcommercekay - ******User enter login details
2022-04-04 10:26:43,582 [pool-2-thread-1] INFO Nopcommercekay - User click on login details
2022-04-04 10:27:31,690 [pool-2-thread-1] INFO Nopcommercekay - User log out of application
2022-04-04 10:27:36,456 [pool-2-thread-1] INFO Nopcommercekay - *********Launching browser
2022-04-04 10:27:48,239 [pool-2-thread-1] INFO Nopcommercekay - ********Application Url open
2022-04-04 10:27:52,784 [pool-2-thread-1] INFO Nopcommercekay - ******User enter login details
2022-04-04 10:28:04,445 [pool-2-thread-1] INFO Nopcommercekay - User click on login details
2022-04-04 10:28:34,472 [pool-2-thread-1] INFO Nopcommercekay - User log out of application
2022-04-04 10:28:39,921 [pool-2-thread-1] INFO Nopcommercekay - *********Launching browser
2022-04-04 10:28:47,471 [pool-2-thread-1] INFO Nopcommercekay - ********Application Url open
2022-04-04 10:28:51,543 [pool-2-thread-1] INFO Nopcommercekay - ******User enter login details
2022-04-04 10:29:01,674 [pool-2-thread-1] INFO Nopcommercekay - User click on login details
2022-04-04 10:29:34,848 [pool-2-thread-1] INFO Nopcommercekay - User log out of application
2022-04-04 10:51:43,730 [main] INFO Nopcommercekay - *********Launching browser
2022-04-04 10:51:51,314 [main] INFO Nopcommercekay - ********Application Url open
2022-04-04 10:51:55,773 [main] INFO Nopcommercekay - ******User enter login details
2022-04-04 10:52:08,770 [main] INFO Nopcommercekay - User click on login details
2022-04-04 10:53:03,466 [main] INFO Nopcommercekay - User log out of application
2022-04-04 10:53:22,497 [main] INFO Nopcommercekay - *********Launching browser
2022-04-04 10:53:33,544 [main] INFO Nopcommercekay - ********Application Url open
2022-04-04 10:53:37,882 [main] INFO Nopcommercekay - ******User enter login details
2022-04-04 10:53:52,682 [main] INFO Nopcommercekay - User click on login details
2022-04-04 10:54:22,096 [main] INFO Nopcommercekay - User log out of application
2022-04-04 10:54:25,322 [main] INFO Nopcommercekay - *********Launching browser
2022-04-04 10:54:31,768 [main] INFO Nopcommercekay - ********Application Url open
2022-04-04 10:54:35,356 [main] INFO Nopcommercekay - ******User enter login details
2022-04-04 10:54:47,034 [main] INFO Nopcommercekay - User click on login details
2022-04-04 10:55:21,322 [main] INFO Nopcommercekay - User log out of application
2022-04-04 11:13:06,184 [main] INFO Nopcommercekay - *********Launching browser
2022-04-04 11:13:13,448 [main] INFO Nopcommercekay - ********Application Url open
2022-04-04 11:13:17,935 [main] INFO Nopcommercekay - ******User enter login details
2022-04-04 11:13:28,257 [main] INFO Nopcommercekay - User click on login details
2022-04-04 11:14:12,745 [main] INFO Nopcommercekay - User log out of application
2022-04-04 11:14:16,261 [main] INFO Nopcommercekay - *********Launching browser
2022-04-04 11:14:23,553 [main] INFO Nopcommercekay - ********Application Url open
2022-04-04 11:14:27,236 [main] INFO Nopcommercekay - ******User enter login details
2022-04-04 11:14:45,200 [main] INFO Nopcommercekay - User click on login details
2022-04-04 11:15:16,560 [main] INFO Nopcommercekay - User log out of application
2022-04-04 11:15:21,270 [main] INFO Nopcommercekay - *********Launching browser
2022-04-04 11:15:28,805 [main] INFO Nopcommercekay - ********Application Url open
2022-04-04 11:15:33,434 [main] INFO Nopcommercekay - ******User enter login details
2022-04-04 11:15:53,651 [main] INFO Nopcommercekay - User click on login details
2022-04-04 11:16:24,092 [main] INFO Nopcommercekay - User log out of application
2022-04-04 11:20:03,930 [main] INFO Nopcommercekay - *********Launching browser
2022-04-04 11:20:11,132 [main] INFO Nopcommercekay - ********Application Url open
2022-04-04 11:20:16,296 [main] INFO Nopcommercekay - ******User enter login details
2022-04-04 11:20:28,175 [main] INFO Nopcommercekay - User click on login details
2022-04-04 11:21:09,095 [main] INFO Nopcommercekay - User log out of application
2022-04-04 11:21:12,521 [main] INFO Nopcommercekay - *********Launching browser
2022-04-04 11:21:20,133 [main] INFO Nopcommercekay - ********Application Url open
2022-04-04 11:21:24,537 [main] INFO Nopcommercekay - ******User enter login details
2022-04-04 11:21:36,782 [main] INFO Nopcommercekay - User click on login details
2022-04-04 11:22:02,845 [main] INFO Nopcommercekay - User log out of application
2022-04-04 11:22:06,540 [main] INFO Nopcommercekay - *********Launching browser
2022-04-04 11:22:13,471 [main] INFO Nopcommercekay - ********Application Url open
2022-04-04 11:22:17,242 [main] INFO Nopcommercekay - ******User enter login details
2022-04-04 11:22:27,535 [main] INFO Nopcommercekay - User click on login details
2022-04-04 11:22:59,917 [main] INFO Nopcommercekay - User log out of application
2022-04-04 11:26:54,994 [main] INFO Nopcommercekay - *********Launching browser
2022-04-04 11:27:02,297 [main] INFO Nopcommercekay - ********Application Url open
2022-04-04 11:27:06,721 [main] INFO Nopcommercekay - ******User enter login details
2022-04-04 11:27:18,130 [main] INFO Nopcommercekay - User click on login details
2022-04-04 11:28:03,881 [main] INFO Nopcommercekay - User log out of application
2022-04-04 11:28:07,145 [main] INFO Nopcommercekay - *********Launching browser
2022-04-04 11:28:13,899 [main] INFO Nopcommercekay - ********Application Url open
2022-04-04 11:28:17,471 [main] INFO Nopcommercekay - ******User enter login details
2022-04-04 11:28:30,307 [main] INFO Nopcommercekay - User click on login details
2022-04-04 11:28:56,532 [main] INFO Nopcommercekay - User log out of application
2022-04-04 11:29:00,179 [main] INFO Nopcommercekay - *********Launching browser
2022-04-04 11:29:06,502 [main] INFO Nopcommercekay - ********Application Url open
2022-04-04 11:29:10,225 [main] INFO Nopcommercekay - ******User enter login details
2022-04-04 11:29:25,980 [main] INFO Nopcommercekay - User click on login details
2022-04-04 11:29:55,152 [main] INFO Nopcommercekay - User log out of application
2022-04-04 14:26:45,289 [main] INFO Nopcommercekay - *********Launching browser
2022-04-04 14:26:52,925 [main] INFO Nopcommercekay - ********Application Url open
2022-04-04 14:27:07,599 [main] INFO Nopcommercekay - ******User enter login details
2022-04-04 14:27:22,211 [main] INFO Nopcommercekay - User click on login details
2022-04-04 14:28:10,112 [main] INFO Nopcommercekay - User log out of application
2022-04-04 14:28:17,483 [main] INFO Nopcommercekay - *********Launching browser
2022-04-04 14:28:24,059 [main] INFO Nopcommercekay - ********Application Url open
2022-04-04 14:28:27,796 [main] INFO Nopcommercekay - ******User enter login details
2022-04-04 14:28:38,768 [main] INFO Nopcommercekay - User click on login details
2022-04-04 14:29:07,952 [main] INFO Nopcommercekay - User log out of application
2022-04-04 14:29:15,000 [main] INFO Nopcommercekay - *********Launching browser
2022-04-04 14:29:22,707 [main] INFO Nopcommercekay - ********Application Url open
2022-04-04 14:29:26,512 [main] INFO Nopcommercekay - ******User enter login details
2022-04-04 14:29:36,723 [main] INFO Nopcommercekay - User click on login details
2022-04-04 14:30:07,356 [main] INFO Nopcommercekay - User log out of application
2022-04-04 14:40:59,979 [main] INFO Nopcommercekay - *********Launching browser
2022-04-04 14:41:12,356 [main] INFO Nopcommercekay - ********Application Url open
2022-04-04 14:41:16,423 [main] INFO Nopcommercekay - ******User enter login details
2022-04-04 14:41:25,855 [main] INFO Nopcommercekay - User click on login details
2022-04-04 14:42:09,430 [main] INFO Nopcommercekay - User log out of application
2022-04-04 14:42:12,982 [main] INFO Nopcommercekay - *********Launching browser
2022-04-04 14:42:19,831 [main] INFO Nopcommercekay - ********Application Url open
2022-04-04 14:42:23,602 [main] INFO Nopcommercekay - ******User enter login details
2022-04-04 14:42:33,379 [main] INFO Nopcommercekay - User click on login details
2022-04-04 14:42:59,734 [main] INFO Nopcommercekay - User log out of application
2022-04-04 14:43:03,328 [main] INFO Nopcommercekay - *********Launching browser
2022-04-04 14:43:10,553 [main] INFO Nopcommercekay - ********Application Url open
2022-04-04 14:43:14,397 [main] INFO Nopcommercekay - ******User enter login details
2022-04-04 14:43:23,988 [main] INFO Nopcommercekay - User click on login details
2022-04-04 14:43:52,860 [main] INFO Nopcommercekay - User log out of application
2022-04-04 15:16:22,072 [main] INFO Nopcommercekay - *********Launching browser
2022-04-04 15:16:30,311 [main] INFO Nopcommercekay - ********Application Url open
2022-04-04 15:16:37,500 [main] INFO Nopcommercekay - ******User enter login details
2022-04-04 15:16:48,101 [main] INFO Nopcommercekay - User click on login details
2022-04-04 15:17:39,747 [main] INFO Nopcommercekay - User log out of application
2022-04-04 15:17:45,800 [main] INFO Nopcommercekay - *********Launching browser
2022-04-04 15:17:53,486 [main] INFO Nopcommercekay - ********Application Url open
2022-04-04 15:17:57,084 [main] INFO Nopcommercekay - ******User enter login details
2022-04-04 15:24:02,551 [main] INFO Nopcommercekay - *********Launching browser
2022-04-04 15:24:09,886 [main] INFO Nopcommercekay - ********Application Url open
2022-04-04 15:24:14,181 [main] INFO Nopcommercekay - ******User enter login details
2022-04-04 15:24:32,866 [main] INFO Nopcommercekay - User click on login details
2022-04-04 15:25:21,634 [main] INFO Nopcommercekay - User log out of application
2022-04-04 15:25:27,319 [main] INFO Nopcommercekay - *********Launching browser
2022-04-04 15:25:34,255 [main] INFO Nopcommercekay - ********Application Url open
2022-04-04 15:25:37,955 [main] INFO Nopcommercekay - ******User enter login details
2022-04-04 15:25:47,674 [main] INFO Nopcommercekay - User click on login details
2022-04-04 15:26:16,511 [main] INFO Nopcommercekay - User log out of application
2022-04-04 15:26:22,318 [main] INFO Nopcommercekay - *********Launching browser
2022-04-04 15:26:28,937 [main] INFO Nopcommercekay - ********Application Url open
2022-04-04 15:26:32,867 [main] INFO Nopcommercekay - ******User enter login details
2022-04-04 15:26:43,690 [main] INFO Nopcommercekay - User click on login details
2022-04-04 15:27:12,676 [main] INFO Nopcommercekay - User log out of application
2022-04-04 15:38:36,297 [main] INFO Nopcommercekay - *********Launching browser
2022-04-04 15:38:54,887 [main] INFO Nopcommercekay - ********Application Url open
2022-04-04 15:38:59,098 [main] INFO Nopcommercekay - ******User enter login details
2022-04-04 15:39:11,351 [main] INFO Nopcommercekay - User click on login details
2022-04-04 15:40:07,490 [main] INFO Nopcommercekay - User log out of application
2022-04-04 15:41:04,692 [main] INFO Nopcommercekay - *********Launching browser
2022-04-04 15:41:14,602 [main] INFO Nopcommercekay - ********Application Url open
2022-04-04 15:41:19,423 [main] INFO Nopcommercekay - ******User enter login details
2022-04-04 15:41:32,369 [main] INFO Nopcommercekay - User click on login details
2022-04-04 15:42:05,550 [main] INFO Nopcommercekay - User log out of application
2022-04-04 15:42:11,899 [main] INFO Nopcommercekay - *********Launching browser
2022-04-04 15:42:18,420 [main] INFO Nopcommercekay - ********Application Url open
2022-04-04 15:42:22,221 [main] INFO Nopcommercekay - ******User enter login details
2022-04-04 15:42:35,668 [main] INFO Nopcommercekay - User click on login details
2022-04-04 15:43:06,354 [main] INFO Nopcommercekay - User log out of application
2022-04-04 15:49:34,548 [main] INFO Nopcommercekay - *********Launching browser
2022-04-04 15:49:43,539 [main] INFO Nopcommercekay - ********Application Url open
2022-04-04 15:49:47,266 [main] INFO Nopcommercekay - ******User enter login details
2022-04-04 15:49:58,553 [main] INFO Nopcommercekay - User click on login details
2022-04-04 15:50:40,428 [main] INFO Nopcommercekay - User log out of application
2022-04-04 15:50:49,472 [main] INFO Nopcommercekay - *********Launching browser
2022-04-04 15:50:57,834 [main] INFO Nopcommercekay - ********Application Url open
2022-04-04 15:51:02,645 [main] INFO Nopcommercekay - ******User enter login details
2022-04-04 15:51:13,473 [main] INFO Nopcommercekay - User click on login details
2022-04-04 15:52:08,618 [main] INFO Nopcommercekay - *********Launching browser
2022-04-04 15:52:17,716 [main] INFO Nopcommercekay - ********Application Url open
2022-04-04 15:52:21,881 [main] INFO Nopcommercekay - ******User enter login details
2022-04-04 15:52:35,045 [main] INFO Nopcommercekay - User click on login details
